# JRE version: Java(TM) SE Runtime Environment (7.0_45-b18) (build 1.7.0_45-b18)
# Java VM: Java HotSpot(TM) 64-Bit Server VM (24.45-b08 mixed mode windows-amd64 compressed oops)
Heap
 PSYoungGen      total 244224K, used 56814K [0x00000000f0000000, 0x0000000100000000, 0x0000000100000000)
  eden space 226304K, 21% used [0x00000000f0000000,0x00000000f2eccd18,0x00000000fdd00000)
  from space 17920K, 49% used [0x00000000fdd00000,0x00000000fe5aeea8,0x00000000fee80000)
  to   space 17408K, 0% used [0x00000000fef00000,0x00000000fef00000,0x0000000100000000)
 ParOldGen       total 524288K, used 204197K [0x00000000d0000000, 0x00000000f0000000, 0x00000000f0000000)
  object space 524288K, 38% used [0x00000000d0000000,0x00000000dc7696a8,0x00000000f0000000)
 PSPermGen       total 262144K, used 103437K [0x00000000c0000000, 0x00000000d0000000, 0x00000000d0000000)
  object space 262144K, 39% used [0x00000000c0000000,0x00000000c6503548,0x00000000d0000000)
GC Heap History (10 events):
Event: 40.107 GC heap before
{Heap before GC invocations=37 (full 0):
 PSYoungGen      total 244224K, used 229460K [0x00000000f0000000, 0x0000000100000000, 0x0000000100000000)
  eden space 225280K, 98% used [0x00000000f0000000,0x00000000fd939cc0,0x00000000fdc00000)
  from space 18944K, 37% used [0x00000000fed80000,0x00000000ff45b540,0x0000000100000000)
  to   space 17920K, 0% used [0x00000000fdc00000,0x00000000fdc00000,0x00000000fed80000)
 ParOldGen       total 524288K, used 168334K [0x00000000d0000000, 0x00000000f0000000, 0x00000000f0000000)
  object space 524288K, 32% used [0x00000000d0000000,0x00000000da463998,0x00000000f0000000)
 PSPermGen       total 262144K, used 97044K [0x00000000c0000000, 0x00000000d0000000, 0x00000000d0000000)
  object space 262144K, 37% used [0x00000000c0000000,0x00000000c5ec5158,0x00000000d0000000)
Event: 40.149 GC heap after
Heap after GC invocations=37 (full 0):
 PSYoungGen      total 243200K, used 7056K [0x00000000f0000000, 0x0000000100000000, 0x0000000100000000)
  eden space 225280K, 0% used [0x00000000f0000000,0x00000000f0000000,0x00000000fdc00000)
  from space 17920K, 39% used [0x00000000fdc00000,0x00000000fe2e42d8,0x00000000fed80000)
  to   space 16896K, 0% used [0x00000000fef80000,0x00000000fef80000,0x0000000100000000)
 ParOldGen       total 524288K, used 175045K [0x00000000d0000000, 0x00000000f0000000, 0x00000000f0000000)
  object space 524288K, 33% used [0x00000000d0000000,0x00000000daaf1498,0x00000000f0000000)
 PSPermGen       total 262144K, used 97044K [0x00000000c0000000, 0x00000000d0000000, 0x00000000d0000000)
  object space 262144K, 37% used [0x00000000c0000000,0x00000000c5ec5158,0x00000000d0000000)
}
Event: 43.599 GC heap before
{Heap before GC invocations=38 (full 0):
 PSYoungGen      total 243200K, used 223913K [0x00000000f0000000, 0x0000000100000000, 0x0000000100000000)
  eden space 225280K, 96% used [0x00000000f0000000,0x00000000fd3c6180,0x00000000fdc00000)
  from space 17920K, 39% used [0x00000000fdc00000,0x00000000fe2e42d8,0x00000000fed80000)
  to   space 16896K, 0% used [0x00000000fef80000,0x00000000fef80000,0x0000000100000000)
 ParOldGen       total 524288K, used 175045K [0x00000000d0000000, 0x00000000f0000000, 0x00000000f0000000)
  object space 524288K, 33% used [0x00000000d0000000,0x00000000daaf1498,0x00000000f0000000)
 PSPermGen       total 262144K, used 98486K [0x00000000c0000000, 0x00000000d0000000, 0x00000000d0000000)
  object space 262144K, 37% used [0x00000000c0000000,0x00000000c602da98,0x00000000d0000000)
Event: 43.630 GC heap after
Heap after GC invocations=38 (full 0):
 PSYoungGen      total 245248K, used 9503K [0x00000000f0000000, 0x0000000100000000, 0x0000000100000000)
  eden space 228352K, 0% used [0x00000000f0000000,0x00000000f0000000,0x00000000fdf00000)
  from space 16896K, 56% used [0x00000000fef80000,0x00000000ff8c7df0,0x0000000100000000)
  to   space 16896K, 0% used [0x00000000fdf00000,0x00000000fdf00000,0x00000000fef80000)
 ParOldGen       total 524288K, used 180202K [0x00000000d0000000, 0x00000000f0000000, 0x00000000f0000000)
  object space 524288K, 34% used [0x00000000d0000000,0x00000000daffa840,0x00000000f0000000)
 PSPermGen       total 262144K, used 98486K [0x00000000c0000000, 0x00000000d0000000, 0x00000000d0000000)
  object space 262144K, 37% used [0x00000000c0000000,0x00000000c602da98,0x00000000d0000000)
}
Event: 44.820 GC heap before
{Heap before GC invocations=39 (full 0):
 PSYoungGen      total 245248K, used 230762K [0x00000000f0000000, 0x0000000100000000, 0x0000000100000000)
  eden space 228352K, 96% used [0x00000000f0000000,0x00000000fd812ad0,0x00000000fdf00000)
  from space 16896K, 56% used [0x00000000fef80000,0x00000000ff8c7df0,0x0000000100000000)
  to   space 16896K, 0% used [0x00000000fdf00000,0x00000000fdf00000,0x00000000fef80000)
 ParOldGen       total 524288K, used 180202K [0x00000000d0000000, 0x00000000f0000000, 0x00000000f0000000)
  object space 524288K, 34% used [0x00000000d0000000,0x00000000daffa840,0x00000000f0000000)
 PSPermGen       total 262144K, used 100470K [0x00000000c0000000, 0x00000000d0000000, 0x00000000d0000000)
  object space 262144K, 38% used [0x00000000c0000000,0x00000000c621da58,0x00000000d0000000)
Event: 44.850 GC heap after
Heap after GC invocations=39 (full 0):
 PSYoungGen      total 245248K, used 7190K [0x00000000f0000000, 0x0000000100000000, 0x0000000100000000)
  eden space 228352K, 0% used [0x00000000f0000000,0x00000000f0000000,0x00000000fdf00000)
  from space 16896K, 42% used [0x00000000fdf00000,0x00000000fe605940,0x00000000fef80000)
  to   space 15872K, 0% used [0x00000000ff080000,0x00000000ff080000,0x0000000100000000)
 ParOldGen       total 524288K, used 188505K [0x00000000d0000000, 0x00000000f0000000, 0x00000000f0000000)
  object space 524288K, 35% used [0x00000000d0000000,0x00000000db816778,0x00000000f0000000)
 PSPermGen       total 262144K, used 100470K [0x00000000c0000000, 0x00000000d0000000, 0x00000000d0000000)
  object space 262144K, 38% used [0x00000000c0000000,0x00000000c621da58,0x00000000d0000000)
}
Event: 205.493 GC heap before
{Heap before GC invocations=40 (full 0):
 PSYoungGen      total 245248K, used 235542K [0x00000000f0000000, 0x0000000100000000, 0x0000000100000000)
  eden space 228352K, 100% used [0x00000000f0000000,0x00000000fdf00000,0x00000000fdf00000)
  from space 16896K, 42% used [0x00000000fdf00000,0x00000000fe605940,0x00000000fef80000)
  to   space 15872K, 0% used [0x00000000ff080000,0x00000000ff080000,0x0000000100000000)
 ParOldGen       total 524288K, used 188505K [0x00000000d0000000, 0x00000000f0000000, 0x00000000f0000000)
  object space 524288K, 35% used [0x00000000d0000000,0x00000000db816778,0x00000000f0000000)
 PSPermGen       total 262144K, used 102315K [0x00000000c0000000, 0x00000000d0000000, 0x00000000d0000000)
  object space 262144K, 39% used [0x00000000c0000000,0x00000000c63eacb0,0x00000000d0000000)
Event: 205.538 GC heap after
Heap after GC invocations=40 (full 0):
 PSYoungGen      total 242176K, used 13953K [0x00000000f0000000, 0x0000000100000000, 0x0000000100000000)
  eden space 226304K, 0% used [0x00000000f0000000,0x00000000f0000000,0x00000000fdd00000)
  from space 15872K, 87% used [0x00000000ff080000,0x00000000ffe20760,0x0000000100000000)
  to   space 17920K, 0% used [0x00000000fdd00000,0x00000000fdd00000,0x00000000fee80000)
 ParOldGen       total 524288K, used 194312K [0x00000000d0000000, 0x00000000f0000000, 0x00000000f0000000)
  object space 524288K, 37% used [0x00000000d0000000,0x00000000dbdc21d8,0x00000000f0000000)
 PSPermGen       total 262144K, used 102315K [0x00000000c0000000, 0x00000000d0000000, 0x00000000d0000000)
  object space 262144K, 39% used [0x00000000c0000000,0x00000000c63eacb0,0x00000000d0000000)
}
Event: 585.729 GC heap before
{Heap before GC invocations=41 (full 0):
 PSYoungGen      total 242176K, used 240257K [0x00000000f0000000, 0x0000000100000000, 0x0000000100000000)
  eden space 226304K, 100% used [0x00000000f0000000,0x00000000fdd00000,0x00000000fdd00000)
  from space 15872K, 87% used [0x00000000ff080000,0x00000000ffe20760,0x0000000100000000)
  to   space 17920K, 0% used [0x00000000fdd00000,0x00000000fdd00000,0x00000000fee80000)
 ParOldGen       total 524288K, used 194312K [0x00000000d0000000, 0x00000000f0000000, 0x00000000f0000000)
  object space 524288K, 37% used [0x00000000d0000000,0x00000000dbdc21d8,0x00000000f0000000)
 PSPermGen       total 262144K, used 103316K [0x00000000c0000000, 0x00000000d0000000, 0x00000000d0000000)
  object space 262144K, 39% used [0x00000000c0000000,0x00000000c64e5048,0x00000000d0000000)
Event: 585.792 GC heap after
Heap after GC invocations=41 (full 0):
 PSYoungGen      total 244224K, used 8891K [0x00000000f0000000, 0x0000000100000000, 0x0000000100000000)
  eden space 226304K, 0% used [0x00000000f0000000,0x00000000f0000000,0x00000000fdd00000)
  from space 17920K, 49% used [0x00000000fdd00000,0x00000000fe5aeea8,0x00000000fee80000)
  to   space 17408K, 0% used [0x00000000fef00000,0x00000000fef00000,0x0000000100000000)
 ParOldGen       total 524288K, used 204197K [0x00000000d0000000, 0x00000000f0000000, 0x00000000f0000000)
  object space 524288K, 38% used [0x00000000d0000000,0x00000000dc7696a8,0x00000000f0000000)
 PSPermGen       total 262144K, used 103316K [0x00000000c0000000, 0x00000000d0000000, 0x00000000d0000000)
  object space 262144K, 39% used [0x00000000c0000000,0x00000000c64e5048,0x00000000d0000000)
}

