# JRE version: Java(TM) SE Runtime Environment (7.0_45-b18) (build 1.7.0_45-b18)
# Java VM: Java HotSpot(TM) 64-Bit Server VM (24.45-b08 mixed mode windows-amd64 compressed oops)
Heap
 PSYoungGen      total 246784K, used 152419K [0x00000000f0000000, 0x0000000100000000, 0x0000000100000000)
  eden space 230912K, 64% used [0x00000000f0000000,0x00000000f920ce90,0x00000000fe180000)
  from space 15872K, 18% used [0x00000000ff080000,0x00000000ff34c068,0x0000000100000000)
  to   space 15360K, 0% used [0x00000000fe180000,0x00000000fe180000,0x00000000ff080000)
 ParOldGen       total 524288K, used 201955K [0x00000000d0000000, 0x00000000f0000000, 0x00000000f0000000)
  object space 524288K, 38% used [0x00000000d0000000,0x00000000dc538f18,0x00000000f0000000)
 PSPermGen       total 262144K, used 104977K [0x00000000c0000000, 0x00000000d0000000, 0x00000000d0000000)
  object space 262144K, 40% used [0x00000000c0000000,0x00000000c66847d0,0x00000000d0000000)
GC Heap History (10 events):
Event: 70.208 GC heap before
{Heap before GC invocations=40 (full 0):
 PSYoungGen      total 243712K, used 227734K [0x00000000f0000000, 0x0000000100000000, 0x0000000100000000)
  eden space 225280K, 98% used [0x00000000f0000000,0x00000000fd7fc7f8,0x00000000fdc00000)
  from space 18432K, 35% used [0x00000000fdc00000,0x00000000fe269248,0x00000000fee00000)
  to   space 17408K, 0% used [0x00000000fef00000,0x00000000fef00000,0x0000000100000000)
 ParOldGen       total 524288K, used 188435K [0x00000000d0000000, 0x00000000f0000000, 0x00000000f0000000)
  object space 524288K, 35% used [0x00000000d0000000,0x00000000db804ed8,0x00000000f0000000)
 PSPermGen       total 262144K, used 101826K [0x00000000c0000000, 0x00000000d0000000, 0x00000000d0000000)
  object space 262144K, 38% used [0x00000000c0000000,0x00000000c6370990,0x00000000d0000000)
Event: 70.236 GC heap after
Heap after GC invocations=40 (full 0):
 PSYoungGen      total 244736K, used 2266K [0x00000000f0000000, 0x0000000100000000, 0x0000000100000000)
  eden space 227328K, 0% used [0x00000000f0000000,0x00000000f0000000,0x00000000fde00000)
  from space 17408K, 13% used [0x00000000fef00000,0x00000000ff136af0,0x0000000100000000)
  to   space 17408K, 0% used [0x00000000fde00000,0x00000000fde00000,0x00000000fef00000)
 ParOldGen       total 524288K, used 193227K [0x00000000d0000000, 0x00000000f0000000, 0x00000000f0000000)
  object space 524288K, 36% used [0x00000000d0000000,0x00000000dbcb2c70,0x00000000f0000000)
 PSPermGen       total 262144K, used 101826K [0x00000000c0000000, 0x00000000d0000000, 0x00000000d0000000)
  object space 262144K, 38% used [0x00000000c0000000,0x00000000c6370990,0x00000000d0000000)
}
Event: 72.024 GC heap before
{Heap before GC invocations=41 (full 0):
 PSYoungGen      total 244736K, used 229594K [0x00000000f0000000, 0x0000000100000000, 0x0000000100000000)
  eden space 227328K, 100% used [0x00000000f0000000,0x00000000fde00000,0x00000000fde00000)
  from space 17408K, 13% used [0x00000000fef00000,0x00000000ff136af0,0x0000000100000000)
  to   space 17408K, 0% used [0x00000000fde00000,0x00000000fde00000,0x00000000fef00000)
 ParOldGen       total 524288K, used 193227K [0x00000000d0000000, 0x00000000f0000000, 0x00000000f0000000)
  object space 524288K, 36% used [0x00000000d0000000,0x00000000dbcb2c70,0x00000000f0000000)
 PSPermGen       total 262144K, used 102809K [0x00000000c0000000, 0x00000000d0000000, 0x00000000d0000000)
  object space 262144K, 39% used [0x00000000c0000000,0x00000000c6466798,0x00000000d0000000)
Event: 72.040 GC heap after
Heap after GC invocations=41 (full 0):
 PSYoungGen      total 244736K, used 3025K [0x00000000f0000000, 0x0000000100000000, 0x0000000100000000)
  eden space 227328K, 0% used [0x00000000f0000000,0x00000000f0000000,0x00000000fde00000)
  from space 17408K, 17% used [0x00000000fde00000,0x00000000fe0f4588,0x00000000fef00000)
  to   space 16896K, 0% used [0x00000000fef80000,0x00000000fef80000,0x0000000100000000)
 ParOldGen       total 524288K, used 194757K [0x00000000d0000000, 0x00000000f0000000, 0x00000000f0000000)
  object space 524288K, 37% used [0x00000000d0000000,0x00000000dbe31708,0x00000000f0000000)
 PSPermGen       total 262144K, used 102809K [0x00000000c0000000, 0x00000000d0000000, 0x00000000d0000000)
  object space 262144K, 39% used [0x00000000c0000000,0x00000000c6466798,0x00000000d0000000)
}
Event: 151.224 GC heap before
{Heap before GC invocations=42 (full 0):
 PSYoungGen      total 244736K, used 230353K [0x00000000f0000000, 0x0000000100000000, 0x0000000100000000)
  eden space 227328K, 100% used [0x00000000f0000000,0x00000000fde00000,0x00000000fde00000)
  from space 17408K, 17% used [0x00000000fde00000,0x00000000fe0f4588,0x00000000fef00000)
  to   space 16896K, 0% used [0x00000000fef80000,0x00000000fef80000,0x0000000100000000)
 ParOldGen       total 524288K, used 194757K [0x00000000d0000000, 0x00000000f0000000, 0x00000000f0000000)
  object space 524288K, 37% used [0x00000000d0000000,0x00000000dbe31708,0x00000000f0000000)
 PSPermGen       total 262144K, used 103594K [0x00000000c0000000, 0x00000000d0000000, 0x00000000d0000000)
  object space 262144K, 39% used [0x00000000c0000000,0x00000000c652a858,0x00000000d0000000)
Event: 151.259 GC heap after
Heap after GC invocations=42 (full 0):
 PSYoungGen      total 245760K, used 3648K [0x00000000f0000000, 0x0000000100000000, 0x0000000100000000)
  eden space 228864K, 0% used [0x00000000f0000000,0x00000000f0000000,0x00000000fdf80000)
  from space 16896K, 21% used [0x00000000fef80000,0x00000000ff310360,0x0000000100000000)
  to   space 16384K, 0% used [0x00000000fdf80000,0x00000000fdf80000,0x00000000fef80000)
 ParOldGen       total 524288K, used 197016K [0x00000000d0000000, 0x00000000f0000000, 0x00000000f0000000)
  object space 524288K, 37% used [0x00000000d0000000,0x00000000dc0662d8,0x00000000f0000000)
 PSPermGen       total 262144K, used 103594K [0x00000000c0000000, 0x00000000d0000000, 0x00000000d0000000)
  object space 262144K, 39% used [0x00000000c0000000,0x00000000c652a858,0x00000000d0000000)
}
Event: 153.484 GC heap before
{Heap before GC invocations=43 (full 0):
 PSYoungGen      total 245760K, used 231751K [0x00000000f0000000, 0x0000000100000000, 0x0000000100000000)
  eden space 228864K, 99% used [0x00000000f0000000,0x00000000fdec1b08,0x00000000fdf80000)
  from space 16896K, 21% used [0x00000000fef80000,0x00000000ff310360,0x0000000100000000)
  to   space 16384K, 0% used [0x00000000fdf80000,0x00000000fdf80000,0x00000000fef80000)
 ParOldGen       total 524288K, used 197016K [0x00000000d0000000, 0x00000000f0000000, 0x00000000f0000000)
  object space 524288K, 37% used [0x00000000d0000000,0x00000000dc0662d8,0x00000000f0000000)
 PSPermGen       total 262144K, used 103983K [0x00000000c0000000, 0x00000000d0000000, 0x00000000d0000000)
  object space 262144K, 39% used [0x00000000c0000000,0x00000000c658bec8,0x00000000d0000000)
Event: 153.515 GC heap after
Heap after GC invocations=43 (full 0):
 PSYoungGen      total 245248K, used 2176K [0x00000000f0000000, 0x0000000100000000, 0x0000000100000000)
  eden space 228864K, 0% used [0x00000000f0000000,0x00000000f0000000,0x00000000fdf80000)
  from space 16384K, 13% used [0x00000000fdf80000,0x00000000fe1a0000,0x00000000fef80000)
  to   space 15872K, 0% used [0x00000000ff080000,0x00000000ff080000,0x0000000100000000)
 ParOldGen       total 524288K, used 199963K [0x00000000d0000000, 0x00000000f0000000, 0x00000000f0000000)
  object space 524288K, 38% used [0x00000000d0000000,0x00000000dc346cd0,0x00000000f0000000)
 PSPermGen       total 262144K, used 103983K [0x00000000c0000000, 0x00000000d0000000, 0x00000000d0000000)
  object space 262144K, 39% used [0x00000000c0000000,0x00000000c658bec8,0x00000000d0000000)
}
Event: 156.580 GC heap before
{Heap before GC invocations=44 (full 0):
 PSYoungGen      total 245248K, used 231040K [0x00000000f0000000, 0x0000000100000000, 0x0000000100000000)
  eden space 228864K, 100% used [0x00000000f0000000,0x00000000fdf80000,0x00000000fdf80000)
  from space 16384K, 13% used [0x00000000fdf80000,0x00000000fe1a0000,0x00000000fef80000)
  to   space 15872K, 0% used [0x00000000ff080000,0x00000000ff080000,0x0000000100000000)
 ParOldGen       total 524288K, used 199963K [0x00000000d0000000, 0x00000000f0000000, 0x00000000f0000000)
  object space 524288K, 38% used [0x00000000d0000000,0x00000000dc346cd0,0x00000000f0000000)
 PSPermGen       total 262144K, used 104802K [0x00000000c0000000, 0x00000000d0000000, 0x00000000d0000000)
  object space 262144K, 39% used [0x00000000c0000000,0x00000000c6658b40,0x00000000d0000000)
Event: 156.602 GC heap after
Heap after GC invocations=44 (full 0):
 PSYoungGen      total 246784K, used 2864K [0x00000000f0000000, 0x0000000100000000, 0x0000000100000000)
  eden space 230912K, 0% used [0x00000000f0000000,0x00000000f0000000,0x00000000fe180000)
  from space 15872K, 18% used [0x00000000ff080000,0x00000000ff34c068,0x0000000100000000)
  to   space 15360K, 0% used [0x00000000fe180000,0x00000000fe180000,0x00000000ff080000)
 ParOldGen       total 524288K, used 201955K [0x00000000d0000000, 0x00000000f0000000, 0x00000000f0000000)
  object space 524288K, 38% used [0x00000000d0000000,0x00000000dc538f18,0x00000000f0000000)
 PSPermGen       total 262144K, used 104802K [0x00000000c0000000, 0x00000000d0000000, 0x00000000d0000000)
  object space 262144K, 39% used [0x00000000c0000000,0x00000000c6658b40,0x00000000d0000000)
}

